<?xml version="1.0" encoding="UTF-8"?>
<!-- Generated by org.testng.reporters.JUnitXMLReporter -->
<testsuite ignored="0" hostname="LAPTOP-SH6J2811" failures="0" tests="8" name="Test" time="45.558" errors="0" timestamp="2021-09-26T22:50:21 IST">
  <testcase classname="com.urbanladder.testcases.TestRunner" name="Login" time="11.992"/>
  <testcase classname="com.urbanladder.testcases.TestRunner" name="LoveSeats" time="6.812"/>
  <testcase classname="com.urbanladder.testcases.TestRunner" name="GiftCoupon" time="4.542"/>
  <testcase classname="com.urbanladder.testcases.TestRunner" name="SearchProduct" time="0.0">
    <skipped/>
  </testcase> <!-- SearchProduct -->
  <testcase classname="com.urbanladder.testcases.TestRunner" name="Help" time="2.503"/>
  <testcase classname="com.urbanladder.testcases.TestRunner" name="FilterSearch" time="3.353"/>
  <testcase classname="com.urbanladder.testcases.TestRunner" name="TableSale" time="2.183"/>
  <testcase classname="com.urbanladder.testcases.TestRunner" name="DecorList" time="0.932"/>
</testsuite> <!-- Test -->
